  [1m[36m (33.4ms)[0m  [1mCREATE TABLE "schema_migrations" ("version" character varying NOT NULL) [0m
  [1m[35m (5.6ms)[0m  CREATE UNIQUE INDEX  "unique_schema_migrations" ON "schema_migrations"  ("version")
  [1m[36mActiveRecord::SchemaMigration Load (1.2ms)[0m  [1mSELECT "schema_migrations".* FROM "schema_migrations"[0m
Migrating to CreateStocks (20161104180549)
  [1m[35m (1.3ms)[0m  BEGIN
  [1m[36m (15.8ms)[0m  [1mCREATE TABLE "stocks" ("id" serial primary key, "company_name" character varying, "starting_value" float, "min_value" float, "max_value" float, "category_id" integer, "created_at" timestamp NOT NULL, "updated_at" timestamp NOT NULL) [0m
  [1m[35mSQL (1.0ms)[0m  INSERT INTO "schema_migrations" ("version") VALUES ($1)  [["version", "20161104180549"]]
  [1m[36m (0.4ms)[0m  [1mCOMMIT[0m
Migrating to CreateCategories (20161104213925)
  [1m[35m (0.2ms)[0m  BEGIN
  [1m[36m (4.5ms)[0m  [1mCREATE TABLE "categories" ("id" serial primary key, "title" character varying, "volatility_index" integer, "created_at" timestamp NOT NULL, "updated_at" timestamp NOT NULL) [0m
  [1m[35mSQL (0.9ms)[0m  INSERT INTO "schema_migrations" ("version") VALUES ($1)  [["version", "20161104213925"]]
  [1m[36m (0.5ms)[0m  [1mCOMMIT[0m
  [1m[35mActiveRecord::SchemaMigration Load (0.3ms)[0m  SELECT "schema_migrations".* FROM "schema_migrations"
  [1m[36m (4.4ms)[0m  [1mSELECT t2.oid::regclass::text AS to_table, a1.attname AS column, a2.attname AS primary_key, c.conname AS name, c.confupdtype AS on_update, c.confdeltype AS on_delete
FROM pg_constraint c
JOIN pg_class t1 ON c.conrelid = t1.oid
JOIN pg_class t2 ON c.confrelid = t2.oid
JOIN pg_attribute a1 ON a1.attnum = c.conkey[1] AND a1.attrelid = t1.oid
JOIN pg_attribute a2 ON a2.attnum = c.confkey[1] AND a2.attrelid = t2.oid
JOIN pg_namespace t3 ON c.connamespace = t3.oid
WHERE c.contype = 'f'
  AND t1.relname = 'categories'
  AND t3.nspname = ANY (current_schemas(false))
ORDER BY c.conname
[0m
  [1m[35m (3.5ms)[0m  SELECT t2.oid::regclass::text AS to_table, a1.attname AS column, a2.attname AS primary_key, c.conname AS name, c.confupdtype AS on_update, c.confdeltype AS on_delete
FROM pg_constraint c
JOIN pg_class t1 ON c.conrelid = t1.oid
JOIN pg_class t2 ON c.confrelid = t2.oid
JOIN pg_attribute a1 ON a1.attnum = c.conkey[1] AND a1.attrelid = t1.oid
JOIN pg_attribute a2 ON a2.attnum = c.confkey[1] AND a2.attrelid = t2.oid
JOIN pg_namespace t3 ON c.connamespace = t3.oid
WHERE c.contype = 'f'
  AND t1.relname = 'stocks'
  AND t3.nspname = ANY (current_schemas(false))
ORDER BY c.conname

  [1m[36mStock Load (5.4ms)[0m  [1mSELECT "stocks".* FROM "stocks"[0m
  [1m[35mStock Load (1.0ms)[0m  SELECT "stocks".* FROM "stocks"
  [1m[36mActiveRecord::SchemaMigration Load (0.9ms)[0m  [1mSELECT "schema_migrations".* FROM "schema_migrations"[0m
  [1m[36mActiveRecord::SchemaMigration Load (0.6ms)[0m  [1mSELECT "schema_migrations".* FROM "schema_migrations"[0m
  [1m[35m (0.2ms)[0m  BEGIN
  [1m[36mSQL (6.1ms)[0m  [1mINSERT INTO "categories" ("title", "volatility_index", "created_at", "updated_at") VALUES ($1, $2, $3, $4) RETURNING "id"[0m  [["title", "Blue Chip"], ["volatility_index", 5], ["created_at", "2016-11-06 03:01:25.956652"], ["updated_at", "2016-11-06 03:01:25.956652"]]
  [1m[35m (2.8ms)[0m  COMMIT
  [1m[36m (0.1ms)[0m  [1mBEGIN[0m
  [1m[35mSQL (0.3ms)[0m  INSERT INTO "categories" ("title", "volatility_index", "created_at", "updated_at") VALUES ($1, $2, $3, $4) RETURNING "id"  [["title", "Speculative"], ["volatility_index", 15], ["created_at", "2016-11-06 03:01:25.971839"], ["updated_at", "2016-11-06 03:01:25.971839"]]
  [1m[36m (0.3ms)[0m  [1mCOMMIT[0m
  [1m[35m (0.1ms)[0m  BEGIN
  [1m[36mSQL (0.3ms)[0m  [1mINSERT INTO "categories" ("title", "volatility_index", "created_at", "updated_at") VALUES ($1, $2, $3, $4) RETURNING "id"[0m  [["title", "Growth"], ["volatility_index", 3], ["created_at", "2016-11-06 03:01:25.974282"], ["updated_at", "2016-11-06 03:01:25.974282"]]
  [1m[35m (0.3ms)[0m  COMMIT
  [1m[36m (0.1ms)[0m  [1mBEGIN[0m
  [1m[35mSQL (0.4ms)[0m  INSERT INTO "categories" ("title", "volatility_index", "created_at", "updated_at") VALUES ($1, $2, $3, $4) RETURNING "id"  [["title", "Cyclical"], ["volatility_index", 10], ["created_at", "2016-11-06 03:01:25.976656"], ["updated_at", "2016-11-06 03:01:25.976656"]]
  [1m[36m (0.3ms)[0m  [1mCOMMIT[0m
  [1m[35m (0.2ms)[0m  BEGIN
  [1m[36m (0.3ms)[0m  [1mROLLBACK[0m
  [1m[35mCategory Load (1.9ms)[0m  SELECT  "categories".* FROM "categories" WHERE "categories"."title" = $1 LIMIT 1  [["title", "Blue Chip"]]
  [1m[36m (0.1ms)[0m  [1mBEGIN[0m
  [1m[35m (0.1ms)[0m  ROLLBACK
  [1m[36m (0.1ms)[0m  [1mBEGIN[0m
  [1m[35m (0.1ms)[0m  ROLLBACK
  [1m[36mCategory Load (0.3ms)[0m  [1mSELECT  "categories".* FROM "categories" WHERE "categories"."title" = $1 LIMIT 1[0m  [["title", "Blue Chip"]]
  [1m[35m (0.1ms)[0m  BEGIN
  [1m[36m (0.1ms)[0m  [1mROLLBACK[0m
  [1m[35m (0.1ms)[0m  BEGIN
  [1m[36m (0.1ms)[0m  [1mROLLBACK[0m
  [1m[35mCategory Load (0.4ms)[0m  SELECT  "categories".* FROM "categories" WHERE "categories"."title" = $1 LIMIT 1  [["title", "Blue Chip"]]
  [1m[36m (0.1ms)[0m  [1mBEGIN[0m
  [1m[35m (0.1ms)[0m  ROLLBACK
  [1m[36m (0.1ms)[0m  [1mBEGIN[0m
  [1m[35m (0.2ms)[0m  ROLLBACK
  [1m[36mCategory Load (0.3ms)[0m  [1mSELECT  "categories".* FROM "categories" WHERE "categories"."title" = $1 LIMIT 1[0m  [["title", "Blue Chip"]]
  [1m[35m (0.1ms)[0m  BEGIN
  [1m[36m (0.1ms)[0m  [1mROLLBACK[0m
  [1m[35m (0.1ms)[0m  BEGIN
  [1m[36m (0.2ms)[0m  [1mROLLBACK[0m
  [1m[35mCategory Load (0.4ms)[0m  SELECT  "categories".* FROM "categories" WHERE "categories"."title" = $1 LIMIT 1  [["title", "Blue Chip"]]
  [1m[36m (0.1ms)[0m  [1mBEGIN[0m
  [1m[35m (0.2ms)[0m  ROLLBACK
  [1m[36m (0.1ms)[0m  [1mBEGIN[0m
  [1m[35m (0.1ms)[0m  ROLLBACK
  [1m[36mCategory Load (0.3ms)[0m  [1mSELECT  "categories".* FROM "categories" WHERE "categories"."title" = $1 LIMIT 1[0m  [["title", "Speculative"]]
  [1m[35m (0.1ms)[0m  BEGIN
  [1m[36m (0.1ms)[0m  [1mROLLBACK[0m
  [1m[35m (0.1ms)[0m  BEGIN
  [1m[36m (0.1ms)[0m  [1mROLLBACK[0m
  [1m[35mCategory Load (0.2ms)[0m  SELECT  "categories".* FROM "categories" WHERE "categories"."title" = $1 LIMIT 1  [["title", "Speculative"]]
  [1m[36m (0.1ms)[0m  [1mBEGIN[0m
  [1m[35m (0.1ms)[0m  ROLLBACK
  [1m[36m (0.1ms)[0m  [1mBEGIN[0m
  [1m[35m (0.1ms)[0m  ROLLBACK
  [1m[36mCategory Load (0.2ms)[0m  [1mSELECT  "categories".* FROM "categories" WHERE "categories"."title" = $1 LIMIT 1[0m  [["title", "Speculative"]]
  [1m[35m (0.1ms)[0m  BEGIN
  [1m[36m (0.1ms)[0m  [1mROLLBACK[0m
  [1m[35m (0.1ms)[0m  BEGIN
  [1m[36m (0.1ms)[0m  [1mROLLBACK[0m
  [1m[35mCategory Load (0.2ms)[0m  SELECT  "categories".* FROM "categories" WHERE "categories"."title" = $1 LIMIT 1  [["title", "Speculative"]]
  [1m[36m (0.1ms)[0m  [1mBEGIN[0m
  [1m[35m (0.1ms)[0m  ROLLBACK
  [1m[36m (0.1ms)[0m  [1mBEGIN[0m
  [1m[35m (0.2ms)[0m  ROLLBACK
  [1m[36mCategory Load (0.2ms)[0m  [1mSELECT  "categories".* FROM "categories" WHERE "categories"."title" = $1 LIMIT 1[0m  [["title", "Speculative"]]
  [1m[35m (0.1ms)[0m  BEGIN
  [1m[36m (0.1ms)[0m  [1mROLLBACK[0m
  [1m[35m (0.1ms)[0m  BEGIN
  [1m[36m (0.1ms)[0m  [1mROLLBACK[0m
  [1m[35mCategory Load (0.2ms)[0m  SELECT  "categories".* FROM "categories" WHERE "categories"."title" = $1 LIMIT 1  [["title", "Growth"]]
  [1m[36m (0.1ms)[0m  [1mBEGIN[0m
  [1m[35m (0.1ms)[0m  ROLLBACK
  [1m[36m (0.1ms)[0m  [1mBEGIN[0m
  [1m[35m (0.2ms)[0m  ROLLBACK
  [1m[36mCategory Load (0.2ms)[0m  [1mSELECT  "categories".* FROM "categories" WHERE "categories"."title" = $1 LIMIT 1[0m  [["title", "Growth"]]
  [1m[35m (0.2ms)[0m  BEGIN
  [1m[36m (0.1ms)[0m  [1mROLLBACK[0m
  [1m[35m (0.2ms)[0m  BEGIN
  [1m[36m (0.1ms)[0m  [1mROLLBACK[0m
  [1m[35mCategory Load (0.2ms)[0m  SELECT  "categories".* FROM "categories" WHERE "categories"."title" = $1 LIMIT 1  [["title", "Growth"]]
  [1m[36m (0.1ms)[0m  [1mBEGIN[0m
  [1m[35m (0.1ms)[0m  ROLLBACK
  [1m[36m (0.1ms)[0m  [1mBEGIN[0m
  [1m[35m (0.1ms)[0m  ROLLBACK
  [1m[36mCategory Load (0.2ms)[0m  [1mSELECT  "categories".* FROM "categories" WHERE "categories"."title" = $1 LIMIT 1[0m  [["title", "Growth"]]
  [1m[35m (0.1ms)[0m  BEGIN
  [1m[36m (0.1ms)[0m  [1mROLLBACK[0m
  [1m[35m (0.1ms)[0m  BEGIN
  [1m[36m (0.1ms)[0m  [1mROLLBACK[0m
  [1m[35mCategory Load (0.2ms)[0m  SELECT  "categories".* FROM "categories" WHERE "categories"."title" = $1 LIMIT 1  [["title", "Growth"]]
  [1m[36m (0.1ms)[0m  [1mBEGIN[0m
  [1m[35m (0.1ms)[0m  ROLLBACK
  [1m[36m (0.1ms)[0m  [1mBEGIN[0m
  [1m[35m (0.2ms)[0m  ROLLBACK
  [1m[36mCategory Load (0.2ms)[0m  [1mSELECT  "categories".* FROM "categories" WHERE "categories"."title" = $1 LIMIT 1[0m  [["title", "Cyclical"]]
  [1m[35m (0.1ms)[0m  BEGIN
  [1m[36m (0.2ms)[0m  [1mROLLBACK[0m
  [1m[35m (0.1ms)[0m  BEGIN
  [1m[36m (0.1ms)[0m  [1mROLLBACK[0m
  [1m[35mCategory Load (0.2ms)[0m  SELECT  "categories".* FROM "categories" WHERE "categories"."title" = $1 LIMIT 1  [["title", "Cyclical"]]
  [1m[36m (0.1ms)[0m  [1mBEGIN[0m
  [1m[35m (0.1ms)[0m  ROLLBACK
  [1m[36m (0.1ms)[0m  [1mBEGIN[0m
  [1m[35m (0.1ms)[0m  ROLLBACK
  [1m[36mCategory Load (0.2ms)[0m  [1mSELECT  "categories".* FROM "categories" WHERE "categories"."title" = $1 LIMIT 1[0m  [["title", "Cyclical"]]
  [1m[35m (0.2ms)[0m  BEGIN
  [1m[36m (0.2ms)[0m  [1mROLLBACK[0m
  [1m[35m (0.1ms)[0m  BEGIN
  [1m[36m (0.1ms)[0m  [1mROLLBACK[0m
  [1m[35mCategory Load (0.2ms)[0m  SELECT  "categories".* FROM "categories" WHERE "categories"."title" = $1 LIMIT 1  [["title", "Cyclical"]]
  [1m[36m (0.1ms)[0m  [1mBEGIN[0m
  [1m[35m (0.1ms)[0m  ROLLBACK
  [1m[36m (0.1ms)[0m  [1mBEGIN[0m
  [1m[35m (0.1ms)[0m  ROLLBACK
  [1m[36mCategory Load (0.3ms)[0m  [1mSELECT  "categories".* FROM "categories" WHERE "categories"."title" = $1 LIMIT 1[0m  [["title", "Cyclical"]]
  [1m[35m (0.1ms)[0m  BEGIN
  [1m[36m (0.1ms)[0m  [1mROLLBACK[0m
  [1m[36mStock Load (0.8ms)[0m  [1mSELECT "stocks".* FROM "stocks"[0m
  [1m[35mCategory Load (0.8ms)[0m  SELECT "categories".* FROM "categories"
  [1m[36mActiveRecord::SchemaMigration Load (0.5ms)[0m  [1mSELECT "schema_migrations".* FROM "schema_migrations"[0m
  [1m[35m (0.2ms)[0m  BEGIN
  [1m[36mSQL (0.6ms)[0m  [1mINSERT INTO "categories" ("title", "volatility_index", "created_at", "updated_at") VALUES ($1, $2, $3, $4) RETURNING "id"[0m  [["title", "Blue Chip"], ["volatility_index", 5], ["created_at", "2016-11-06 03:02:39.287825"], ["updated_at", "2016-11-06 03:02:39.287825"]]
  [1m[35m (0.4ms)[0m  COMMIT
  [1m[36m (0.1ms)[0m  [1mBEGIN[0m
  [1m[35mSQL (0.2ms)[0m  INSERT INTO "categories" ("title", "volatility_index", "created_at", "updated_at") VALUES ($1, $2, $3, $4) RETURNING "id"  [["title", "Speculative"], ["volatility_index", 15], ["created_at", "2016-11-06 03:02:39.293769"], ["updated_at", "2016-11-06 03:02:39.293769"]]
  [1m[36m (0.3ms)[0m  [1mCOMMIT[0m
  [1m[35m (0.1ms)[0m  BEGIN
  [1m[36mSQL (0.3ms)[0m  [1mINSERT INTO "categories" ("title", "volatility_index", "created_at", "updated_at") VALUES ($1, $2, $3, $4) RETURNING "id"[0m  [["title", "Growth"], ["volatility_index", 3], ["created_at", "2016-11-06 03:02:39.295832"], ["updated_at", "2016-11-06 03:02:39.295832"]]
  [1m[35m (0.3ms)[0m  COMMIT
  [1m[36m (0.1ms)[0m  [1mBEGIN[0m
  [1m[35mSQL (0.3ms)[0m  INSERT INTO "categories" ("title", "volatility_index", "created_at", "updated_at") VALUES ($1, $2, $3, $4) RETURNING "id"  [["title", "Cyclical"], ["volatility_index", 10], ["created_at", "2016-11-06 03:02:39.297913"], ["updated_at", "2016-11-06 03:02:39.297913"]]
  [1m[36m (0.3ms)[0m  [1mCOMMIT[0m
  [1m[35m (0.2ms)[0m  BEGIN
  [1m[36m (0.3ms)[0m  [1mROLLBACK[0m
  [1m[35mCategory Load (0.4ms)[0m  SELECT  "categories".* FROM "categories" WHERE "categories"."title" = $1 LIMIT 1  [["title", "Blue Chip"]]
  [1m[36m (0.1ms)[0m  [1mBEGIN[0m
  [1m[35m (0.1ms)[0m  ROLLBACK
  [1m[36m (0.1ms)[0m  [1mBEGIN[0m
  [1m[35m (0.2ms)[0m  ROLLBACK
  [1m[36mCategory Load (0.3ms)[0m  [1mSELECT  "categories".* FROM "categories" WHERE "categories"."title" = $1 LIMIT 1[0m  [["title", "Blue Chip"]]
  [1m[35m (0.1ms)[0m  BEGIN
  [1m[36m (0.2ms)[0m  [1mROLLBACK[0m
  [1m[35m (0.1ms)[0m  BEGIN
  [1m[36m (0.2ms)[0m  [1mROLLBACK[0m
  [1m[35mCategory Load (0.3ms)[0m  SELECT  "categories".* FROM "categories" WHERE "categories"."title" = $1 LIMIT 1  [["title", "Blue Chip"]]
  [1m[36m (0.1ms)[0m  [1mBEGIN[0m
  [1m[35m (0.1ms)[0m  ROLLBACK
  [1m[36m (0.1ms)[0m  [1mBEGIN[0m
  [1m[35m (0.1ms)[0m  ROLLBACK
  [1m[36mCategory Load (0.3ms)[0m  [1mSELECT  "categories".* FROM "categories" WHERE "categories"."title" = $1 LIMIT 1[0m  [["title", "Blue Chip"]]
  [1m[35m (0.1ms)[0m  BEGIN
  [1m[36m (0.2ms)[0m  [1mROLLBACK[0m
  [1m[35m (0.1ms)[0m  BEGIN
  [1m[36m (0.2ms)[0m  [1mROLLBACK[0m
  [1m[35mCategory Load (0.4ms)[0m  SELECT  "categories".* FROM "categories" WHERE "categories"."title" = $1 LIMIT 1  [["title", "Blue Chip"]]
  [1m[36m (0.1ms)[0m  [1mBEGIN[0m
  [1m[35m (0.2ms)[0m  ROLLBACK
  [1m[36m (0.1ms)[0m  [1mBEGIN[0m
  [1m[35m (0.1ms)[0m  ROLLBACK
  [1m[36mCategory Load (0.3ms)[0m  [1mSELECT  "categories".* FROM "categories" WHERE "categories"."title" = $1 LIMIT 1[0m  [["title", "Speculative"]]
  [1m[35m (0.1ms)[0m  BEGIN
  [1m[36m (0.1ms)[0m  [1mROLLBACK[0m
  [1m[35m (0.1ms)[0m  BEGIN
  [1m[36m (0.1ms)[0m  [1mROLLBACK[0m
  [1m[35mCategory Load (0.2ms)[0m  SELECT  "categories".* FROM "categories" WHERE "categories"."title" = $1 LIMIT 1  [["title", "Speculative"]]
  [1m[36m (0.1ms)[0m  [1mBEGIN[0m
  [1m[35m (0.2ms)[0m  ROLLBACK
  [1m[36m (0.1ms)[0m  [1mBEGIN[0m
  [1m[35m (0.1ms)[0m  ROLLBACK
  [1m[36mCategory Load (0.2ms)[0m  [1mSELECT  "categories".* FROM "categories" WHERE "categories"."title" = $1 LIMIT 1[0m  [["title", "Speculative"]]
  [1m[35m (0.1ms)[0m  BEGIN
  [1m[36m (0.1ms)[0m  [1mROLLBACK[0m
  [1m[35m (0.1ms)[0m  BEGIN
  [1m[36m (0.1ms)[0m  [1mROLLBACK[0m
  [1m[35mCategory Load (0.2ms)[0m  SELECT  "categories".* FROM "categories" WHERE "categories"."title" = $1 LIMIT 1  [["title", "Speculative"]]
  [1m[36m (0.1ms)[0m  [1mBEGIN[0m
  [1m[35m (0.2ms)[0m  ROLLBACK
  [1m[36m (0.2ms)[0m  [1mBEGIN[0m
  [1m[35m (0.2ms)[0m  ROLLBACK
  [1m[36mCategory Load (0.2ms)[0m  [1mSELECT  "categories".* FROM "categories" WHERE "categories"."title" = $1 LIMIT 1[0m  [["title", "Speculative"]]
  [1m[35m (0.1ms)[0m  BEGIN
  [1m[36m (0.2ms)[0m  [1mROLLBACK[0m
  [1m[35m (0.1ms)[0m  BEGIN
  [1m[36m (0.1ms)[0m  [1mROLLBACK[0m
  [1m[35mCategory Load (0.2ms)[0m  SELECT  "categories".* FROM "categories" WHERE "categories"."title" = $1 LIMIT 1  [["title", "Growth"]]
  [1m[36m (0.1ms)[0m  [1mBEGIN[0m
  [1m[35m (0.1ms)[0m  ROLLBACK
  [1m[36m (0.1ms)[0m  [1mBEGIN[0m
  [1m[35m (0.1ms)[0m  ROLLBACK
  [1m[36mCategory Load (0.2ms)[0m  [1mSELECT  "categories".* FROM "categories" WHERE "categories"."title" = $1 LIMIT 1[0m  [["title", "Growth"]]
  [1m[35m (0.1ms)[0m  BEGIN
  [1m[36m (0.2ms)[0m  [1mROLLBACK[0m
  [1m[35m (0.1ms)[0m  BEGIN
  [1m[36m (0.2ms)[0m  [1mROLLBACK[0m
  [1m[35mCategory Load (0.2ms)[0m  SELECT  "categories".* FROM "categories" WHERE "categories"."title" = $1 LIMIT 1  [["title", "Growth"]]
  [1m[36m (0.1ms)[0m  [1mBEGIN[0m
  [1m[35m (0.1ms)[0m  ROLLBACK
  [1m[36m (0.1ms)[0m  [1mBEGIN[0m
  [1m[35m (0.2ms)[0m  ROLLBACK
  [1m[36mCategory Load (0.2ms)[0m  [1mSELECT  "categories".* FROM "categories" WHERE "categories"."title" = $1 LIMIT 1[0m  [["title", "Growth"]]
  [1m[35m (0.1ms)[0m  BEGIN
  [1m[36m (0.1ms)[0m  [1mROLLBACK[0m
  [1m[35m (0.1ms)[0m  BEGIN
  [1m[36m (0.2ms)[0m  [1mROLLBACK[0m
  [1m[35mCategory Load (0.2ms)[0m  SELECT  "categories".* FROM "categories" WHERE "categories"."title" = $1 LIMIT 1  [["title", "Growth"]]
  [1m[36m (0.1ms)[0m  [1mBEGIN[0m
  [1m[35m (0.2ms)[0m  ROLLBACK
  [1m[36m (0.1ms)[0m  [1mBEGIN[0m
  [1m[35m (0.1ms)[0m  ROLLBACK
  [1m[36mCategory Load (0.2ms)[0m  [1mSELECT  "categories".* FROM "categories" WHERE "categories"."title" = $1 LIMIT 1[0m  [["title", "Cyclical"]]
  [1m[35m (0.1ms)[0m  BEGIN
  [1m[36m (0.2ms)[0m  [1mROLLBACK[0m
  [1m[35m (0.1ms)[0m  BEGIN
  [1m[36m (0.1ms)[0m  [1mROLLBACK[0m
  [1m[35mCategory Load (0.2ms)[0m  SELECT  "categories".* FROM "categories" WHERE "categories"."title" = $1 LIMIT 1  [["title", "Cyclical"]]
  [1m[36m (0.1ms)[0m  [1mBEGIN[0m
  [1m[35m (0.1ms)[0m  ROLLBACK
  [1m[36m (0.1ms)[0m  [1mBEGIN[0m
  [1m[35m (0.2ms)[0m  ROLLBACK
  [1m[36mCategory Load (0.2ms)[0m  [1mSELECT  "categories".* FROM "categories" WHERE "categories"."title" = $1 LIMIT 1[0m  [["title", "Cyclical"]]
  [1m[35m (0.1ms)[0m  BEGIN
  [1m[36m (0.2ms)[0m  [1mROLLBACK[0m
  [1m[35m (0.1ms)[0m  BEGIN
  [1m[36m (0.1ms)[0m  [1mROLLBACK[0m
  [1m[35mCategory Load (0.2ms)[0m  SELECT  "categories".* FROM "categories" WHERE "categories"."title" = $1 LIMIT 1  [["title", "Cyclical"]]
  [1m[36m (0.1ms)[0m  [1mBEGIN[0m
  [1m[35m (0.1ms)[0m  ROLLBACK
  [1m[36m (0.1ms)[0m  [1mBEGIN[0m
  [1m[35m (0.1ms)[0m  ROLLBACK
  [1m[36mCategory Load (0.2ms)[0m  [1mSELECT  "categories".* FROM "categories" WHERE "categories"."title" = $1 LIMIT 1[0m  [["title", "Cyclical"]]
  [1m[35m (0.1ms)[0m  BEGIN
  [1m[36m (0.1ms)[0m  [1mROLLBACK[0m
  [1m[36mCategory Load (0.9ms)[0m  [1mSELECT "categories".* FROM "categories"[0m
  [1m[35mStock Load (0.7ms)[0m  SELECT "stocks".* FROM "stocks"
  [1m[36mSQL (7.4ms)[0m  [1mDELETE FROM "categories"[0m
